
*** Running vivado
    with args -log top.vdi -applog -m64 -product Vivado -messageDb vivado.pb -mode batch -source top.tcl -notrace


****** Vivado v2018.2 (64-bit)
  **** SW Build 2258646 on Thu Jun 14 20:03:12 MDT 2018
  **** IP Build 2256618 on Thu Jun 14 22:10:49 MDT 2018
    ** Copyright 1986-2018 Xilinx, Inc. All Rights Reserved.

source top.tcl -notrace
Command: link_design -top top -part xc7z020clg484-1
Design is defaulting to srcset: sources_1
Design is defaulting to constrset: constrs_1
INFO: [Project 1-454] Reading design checkpoint 'e:/FPGA_Test/Study/ax7010_pl_hdmi_out_20200308/project_1/project_1.srcs/sources_1/ip/hdmi_display_0/hdmi_display_0.dcp' for cell 'miz_hdmi_0'
INFO: [Project 1-454] Reading design checkpoint 'e:/FPGA_Test/Study/ax7010_pl_hdmi_out_20200308/project_1/project_1.srcs/sources_1/ip/video_clock/video_clock.dcp' for cell 'video_clock_m0'
INFO: [Netlist 29-17] Analyzing 28 Unisim elements for replacement
INFO: [Netlist 29-28] Unisim Transformation completed in 0 CPU seconds
INFO: [Project 1-479] Netlist was created with Vivado 2018.2
INFO: [Device 21-403] Loading part xc7z020clg484-1
INFO: [Project 1-570] Preparing netlist for logic optimization
INFO: [Opt 31-141] Inserted 1 OBUFs to IO ports without IO buffers.
Parsing XDC File [e:/FPGA_Test/Study/ax7010_pl_hdmi_out_20200308/project_1/project_1.srcs/sources_1/ip/video_clock/video_clock_board.xdc] for cell 'video_clock_m0/inst'
Finished Parsing XDC File [e:/FPGA_Test/Study/ax7010_pl_hdmi_out_20200308/project_1/project_1.srcs/sources_1/ip/video_clock/video_clock_board.xdc] for cell 'video_clock_m0/inst'
Parsing XDC File [e:/FPGA_Test/Study/ax7010_pl_hdmi_out_20200308/project_1/project_1.srcs/sources_1/ip/video_clock/video_clock.xdc] for cell 'video_clock_m0/inst'
INFO: [Timing 38-35] Done setting XDC timing constraints. [e:/FPGA_Test/Study/ax7010_pl_hdmi_out_20200308/project_1/project_1.srcs/sources_1/ip/video_clock/video_clock.xdc:57]
INFO: [Timing 38-2] Deriving generated clocks [e:/FPGA_Test/Study/ax7010_pl_hdmi_out_20200308/project_1/project_1.srcs/sources_1/ip/video_clock/video_clock.xdc:57]
get_clocks: Time (s): cpu = 00:00:09 ; elapsed = 00:00:12 . Memory (MB): peak = 1220.973 ; gain = 516.949
Finished Parsing XDC File [e:/FPGA_Test/Study/ax7010_pl_hdmi_out_20200308/project_1/project_1.srcs/sources_1/ip/video_clock/video_clock.xdc] for cell 'video_clock_m0/inst'
Parsing XDC File [E:/FPGA_Test/Study/ax7010_pl_hdmi_out_20200308/project_1/project_1.srcs/constrs_1/new/hdmi_out_test.xdc]
Finished Parsing XDC File [E:/FPGA_Test/Study/ax7010_pl_hdmi_out_20200308/project_1/project_1.srcs/constrs_1/new/hdmi_out_test.xdc]
INFO: [Opt 31-138] Pushed 0 inverter(s) to 0 load pin(s).
INFO: [Project 1-111] Unisim Transformation Summary:
No Unisim elements were transformed.

12 Infos, 0 Warnings, 0 Critical Warnings and 0 Errors encountered.
link_design completed successfully
link_design: Time (s): cpu = 00:00:16 ; elapsed = 00:00:21 . Memory (MB): peak = 1220.973 ; gain = 873.098
Command: opt_design
Attempting to get a license for feature 'Implementation' and/or device 'xc7z020'
INFO: [Common 17-349] Got license for feature 'Implementation' and/or device 'xc7z020'
Running DRC as a precondition to command opt_design

Starting DRC Task
INFO: [DRC 23-27] Running DRC with 2 threads
WARNING: [DRC RPBF-3] IO port buffering is incomplete: Device port hdmi_sda expects both input and output buffering but the buffers are incomplete.
INFO: [Project 1-461] DRC finished with 0 Errors, 1 Warnings
INFO: [Project 1-462] Please refer to the DRC report (report_drc) for more information.

Time (s): cpu = 00:00:01 ; elapsed = 00:00:00.956 . Memory (MB): peak = 1220.973 ; gain = 0.000

Starting Cache Timing Information Task
INFO: [Timing 38-35] Done setting XDC timing constraints.
Ending Cache Timing Information Task | Checksum: ce6c4638

Time (s): cpu = 00:00:01 ; elapsed = 00:00:00.129 . Memory (MB): peak = 1238.090 ; gain = 17.117

Starting Logic Optimization Task

Phase 1 Retarget
INFO: [Opt 31-138] Pushed 0 inverter(s) to 0 load pin(s).
INFO: [Opt 31-49] Retargeted 0 cell(s).
Phase 1 Retarget | Checksum: ce6c4638

Time (s): cpu = 00:00:00 ; elapsed = 00:00:00.177 . Memory (MB): peak = 1238.090 ; gain = 0.000
INFO: [Opt 31-389] Phase Retarget created 0 cells and removed 0 cells

Phase 2 Constant propagation
INFO: [Opt 31-138] Pushed 0 inverter(s) to 0 load pin(s).
Phase 2 Constant propagation | Checksum: ce6c4638

Time (s): cpu = 00:00:00 ; elapsed = 00:00:00.192 . Memory (MB): peak = 1238.090 ; gain = 0.000
INFO: [Opt 31-389] Phase Constant propagation created 0 cells and removed 0 cells

Phase 3 Sweep
Phase 3 Sweep | Checksum: 17a33bd58

Time (s): cpu = 00:00:00 ; elapsed = 00:00:00.266 . Memory (MB): peak = 1238.090 ; gain = 0.000
INFO: [Opt 31-389] Phase Sweep created 0 cells and removed 0 cells

Phase 4 BUFG optimization
Phase 4 BUFG optimization | Checksum: 17a33bd58

Time (s): cpu = 00:00:00 ; elapsed = 00:00:00.315 . Memory (MB): peak = 1238.090 ; gain = 0.000
INFO: [Opt 31-662] Phase BUFG optimization created 0 cells of which 0 are BUFGs and removed 0 cells.

Phase 5 Shift Register Optimization
Phase 5 Shift Register Optimization | Checksum: 11424a971

Time (s): cpu = 00:00:00 ; elapsed = 00:00:00.358 . Memory (MB): peak = 1238.090 ; gain = 0.000
INFO: [Opt 31-389] Phase Shift Register Optimization created 0 cells and removed 0 cells

Phase 6 Post Processing Netlist
Phase 6 Post Processing Netlist | Checksum: 11424a971

Time (s): cpu = 00:00:00 ; elapsed = 00:00:00.363 . Memory (MB): peak = 1238.090 ; gain = 0.000
INFO: [Opt 31-389] Phase Post Processing Netlist created 0 cells and removed 0 cells

Starting Connectivity Check Task

Time (s): cpu = 00:00:00 ; elapsed = 00:00:00.002 . Memory (MB): peak = 1238.090 ; gain = 0.000
Ending Logic Optimization Task | Checksum: 11424a971

Time (s): cpu = 00:00:00 ; elapsed = 00:00:00.369 . Memory (MB): peak = 1238.090 ; gain = 0.000

Starting Power Optimization Task
INFO: [Pwropt 34-132] Skipping clock gating for clocks with a period < 2.00 ns.
INFO: [Pwropt 34-9] Applying IDT optimizations ...
INFO: [Pwropt 34-10] Applying ODC optimizations ...
INFO: [Timing 38-35] Done setting XDC timing constraints.
INFO: [Physopt 32-619] Estimated Timing Summary | WNS=4.959 | TNS=0.000 |
Running Vector-less Activity Propagation...

Finished Running Vector-less Activity Propagation


Starting PowerOpt Patch Enables Task
INFO: [Pwropt 34-162] WRITE_MODE attribute of 0 BRAM(s) out of a total of 1 has been updated to save power. Run report_power_opt to get a complete listing of the BRAMs updated.
INFO: [Pwropt 34-201] Structural ODC has moved 0 WE to EN ports
Number of BRAM Ports augmented: 0 newly gated: 0 Total Ports: 2
Ending PowerOpt Patch Enables Task | Checksum: 11424a971

Time (s): cpu = 00:00:00 ; elapsed = 00:00:00.011 . Memory (MB): peak = 1356.598 ; gain = 0.000
Ending Power Optimization Task | Checksum: 11424a971

Time (s): cpu = 00:00:01 ; elapsed = 00:00:02 . Memory (MB): peak = 1356.598 ; gain = 118.508

Starting Final Cleanup Task
Ending Final Cleanup Task | Checksum: 11424a971

Time (s): cpu = 00:00:00 ; elapsed = 00:00:00 . Memory (MB): peak = 1356.598 ; gain = 0.000
INFO: [Common 17-83] Releasing license: Implementation
34 Infos, 1 Warnings, 0 Critical Warnings and 0 Errors encountered.
opt_design completed successfully
INFO: [Timing 38-480] Writing timing data to binary archive.
Writing placer database...
Writing XDEF routing.
Writing XDEF routing logical nets.
Writing XDEF routing special nets.
Write XDEF Complete: Time (s): cpu = 00:00:00 ; elapsed = 00:00:00.082 . Memory (MB): peak = 1356.598 ; gain = 0.000
INFO: [Common 17-1381] The checkpoint 'E:/FPGA_Test/Study/ax7010_pl_hdmi_out_20200308/project_1/project_1.runs/impl_1/top_opt.dcp' has been generated.
INFO: [runtcl-4] Executing : report_drc -file top_drc_opted.rpt -pb top_drc_opted.pb -rpx top_drc_opted.rpx
Command: report_drc -file top_drc_opted.rpt -pb top_drc_opted.pb -rpx top_drc_opted.rpx
INFO: [DRC 23-27] Running DRC with 2 threads
INFO: [Coretcl 2-168] The results of DRC are in file E:/FPGA_Test/Study/ax7010_pl_hdmi_out_20200308/project_1/project_1.runs/impl_1/top_drc_opted.rpt.
report_drc completed successfully
Command: place_design
Attempting to get a license for feature 'Implementation' and/or device 'xc7z020'
INFO: [Common 17-349] Got license for feature 'Implementation' and/or device 'xc7z020'
INFO: [DRC 23-27] Running DRC with 2 threads
INFO: [Vivado_Tcl 4-198] DRC finished with 0 Errors
INFO: [Vivado_Tcl 4-199] Please refer to the DRC report (report_drc) for more information.
Running DRC as a precondition to command place_design
INFO: [DRC 23-27] Running DRC with 2 threads
WARNING: [DRC RPBF-3] IO port buffering is incomplete: Device port hdmi_sda expects both input and output buffering but the buffers are incomplete.
INFO: [Vivado_Tcl 4-198] DRC finished with 0 Errors, 1 Warnings
INFO: [Vivado_Tcl 4-199] Please refer to the DRC report (report_drc) for more information.

Starting Placer Task
INFO: [Place 30-611] Multithreading enabled for place_design using a maximum of 2 CPUs

Phase 1 Placer Initialization

Phase 1.1 Placer Initialization Netlist Sorting
Netlist sorting complete. Time (s): cpu = 00:00:00 ; elapsed = 00:00:00.001 . Memory (MB): peak = 1356.598 ; gain = 0.000
Phase 1.1 Placer Initialization Netlist Sorting | Checksum: efac8198

Time (s): cpu = 00:00:00 ; elapsed = 00:00:00.160 . Memory (MB): peak = 1356.598 ; gain = 0.000
Netlist sorting complete. Time (s): cpu = 00:00:00 ; elapsed = 00:00:00 . Memory (MB): peak = 1356.598 ; gain = 0.000

Phase 1.2 IO Placement/ Clock Placement/ Build Placer Device
CRITICAL WARNING: [Place 30-722] Terminal 'hdmi_d[0]' has IOB constraint set to TRUE, but it is either not connected to a FLOP element or the connected FLOP element could not be brought into the I/O
CRITICAL WARNING: [Place 30-722] Terminal 'hdmi_d[1]' has IOB constraint set to TRUE, but it is either not connected to a FLOP element or the connected FLOP element could not be brought into the I/O
CRITICAL WARNING: [Place 30-722] Terminal 'hdmi_d[2]' has IOB constraint set to TRUE, but it is either not connected to a FLOP element or the connected FLOP element could not be brought into the I/O
CRITICAL WARNING: [Place 30-722] Terminal 'hdmi_d[3]' has IOB constraint set to TRUE, but it is either not connected to a FLOP element or the connected FLOP element could not be brought into the I/O
CRITICAL WARNING: [Place 30-722] Terminal 'hdmi_d[4]' has IOB constraint set to TRUE, but it is either not connected to a FLOP element or the connected FLOP element could not be brought into the I/O
CRITICAL WARNING: [Place 30-722] Terminal 'hdmi_d[5]' has IOB constraint set to TRUE, but it is either not connected to a FLOP element or the connected FLOP element could not be brought into the I/O
CRITICAL WARNING: [Place 30-722] Terminal 'hdmi_d[6]' has IOB constraint set to TRUE, but it is either not connected to a FLOP element or the connected FLOP element could not be brought into the I/O
CRITICAL WARNING: [Place 30-722] Terminal 'hdmi_d[7]' has IOB constraint set to TRUE, but it is either not connected to a FLOP element or the connected FLOP element could not be brought into the I/O
CRITICAL WARNING: [Place 30-722] Terminal 'hdmi_scl' has IOB constraint set to TRUE, but it is either not connected to a FLOP element or the connected FLOP element could not be brought into the I/O
CRITICAL WARNING: [Place 30-722] Terminal 'hdmi_sda' has IOB constraint set to TRUE, but it is either not connected to a FLOP element or the connected FLOP element could not be brought into the I/O
INFO: [Timing 38-35] Done setting XDC timing constraints.
Phase 1.2 IO Placement/ Clock Placement/ Build Placer Device | Checksum: 1ad11272a

Time (s): cpu = 00:00:01 ; elapsed = 00:00:00.904 . Memory (MB): peak = 1356.598 ; gain = 0.000

Phase 1.3 Build Placer Netlist Model
Phase 1.3 Build Placer Netlist Model | Checksum: 1c048f681

Time (s): cpu = 00:00:01 ; elapsed = 00:00:01 . Memory (MB): peak = 1356.598 ; gain = 0.000

Phase 1.4 Constrain Clocks/Macros
Phase 1.4 Constrain Clocks/Macros | Checksum: 1c048f681

Time (s): cpu = 00:00:01 ; elapsed = 00:00:01 . Memory (MB): peak = 1356.598 ; gain = 0.000
Phase 1 Placer Initialization | Checksum: 1c048f681

Time (s): cpu = 00:00:01 ; elapsed = 00:00:01 . Memory (MB): peak = 1356.598 ; gain = 0.000

Phase 2 Global Placement

Phase 2.1 Floorplanning
Phase 2.1 Floorplanning | Checksum: 1c5f851ef

Time (s): cpu = 00:00:01 ; elapsed = 00:00:02 . Memory (MB): peak = 1356.598 ; gain = 0.000

Phase 2.2 Physical Synthesis In Placer
INFO: [Physopt 32-65] No nets found for high-fanout optimization.
INFO: [Physopt 32-232] Optimized 0 net. Created 0 new instance.
INFO: [Physopt 32-775] End 1 Pass. Optimized 0 net or cell. Created 0 new cell, deleted 0 existing cell and moved 0 existing cell
Netlist sorting complete. Time (s): cpu = 00:00:00 ; elapsed = 00:00:00 . Memory (MB): peak = 1356.598 ; gain = 0.000

Summary of Physical Synthesis Optimizations
============================================


-----------------------------------------------------------------------------------------------------------------------------
|  Optimization       |  Added Cells  |  Removed Cells  |  Optimized Cells/Nets  |  Dont Touch  |  Iterations  |  Elapsed   |
-----------------------------------------------------------------------------------------------------------------------------
|  Very High Fanout   |            0  |              0  |                     0  |           0  |           1  |  00:00:00  |
|  Total              |            0  |              0  |                     0  |           0  |           1  |  00:00:00  |
-----------------------------------------------------------------------------------------------------------------------------


Phase 2.2 Physical Synthesis In Placer | Checksum: 2a9c3e4d3

Time (s): cpu = 00:00:04 ; elapsed = 00:00:03 . Memory (MB): peak = 1356.598 ; gain = 0.000
Phase 2 Global Placement | Checksum: 1f94e514d

Time (s): cpu = 00:00:04 ; elapsed = 00:00:03 . Memory (MB): peak = 1356.598 ; gain = 0.000

Phase 3 Detail Placement

Phase 3.1 Commit Multi Column Macros
Phase 3.1 Commit Multi Column Macros | Checksum: 1f94e514d

Time (s): cpu = 00:00:04 ; elapsed = 00:00:03 . Memory (MB): peak = 1356.598 ; gain = 0.000

Phase 3.2 Commit Most Macros & LUTRAMs
Phase 3.2 Commit Most Macros & LUTRAMs | Checksum: 20f8526af

Time (s): cpu = 00:00:04 ; elapsed = 00:00:03 . Memory (MB): peak = 1356.598 ; gain = 0.000

Phase 3.3 Area Swap Optimization
Phase 3.3 Area Swap Optimization | Checksum: 1bbbbaeb4

Time (s): cpu = 00:00:04 ; elapsed = 00:00:03 . Memory (MB): peak = 1356.598 ; gain = 0.000

Phase 3.4 Pipeline Register Optimization
Phase 3.4 Pipeline Register Optimization | Checksum: 1bbbbaeb4

Time (s): cpu = 00:00:04 ; elapsed = 00:00:03 . Memory (MB): peak = 1356.598 ; gain = 0.000

Phase 3.5 Small Shape Detail Placement
Phase 3.5 Small Shape Detail Placement | Checksum: 26b22ff38

Time (s): cpu = 00:00:04 ; elapsed = 00:00:04 . Memory (MB): peak = 1356.598 ; gain = 0.000

Phase 3.6 Re-assign LUT pins
Phase 3.6 Re-assign LUT pins | Checksum: 24cdb4a67

Time (s): cpu = 00:00:04 ; elapsed = 00:00:04 . Memory (MB): peak = 1356.598 ; gain = 0.000

Phase 3.7 Pipeline Register Optimization
Phase 3.7 Pipeline Register Optimization | Checksum: 24cdb4a67

Time (s): cpu = 00:00:04 ; elapsed = 00:00:04 . Memory (MB): peak = 1356.598 ; gain = 0.000
Phase 3 Detail Placement | Checksum: 24cdb4a67

Time (s): cpu = 00:00:04 ; elapsed = 00:00:04 . Memory (MB): peak = 1356.598 ; gain = 0.000

Phase 4 Post Placement Optimization and Clean-Up

Phase 4.1 Post Commit Optimization
INFO: [Timing 38-35] Done setting XDC timing constraints.

Phase 4.1.1 Post Placement Optimization
Post Placement Optimization Initialization | Checksum: 1eb1e17bd

Phase 4.1.1.1 BUFG Insertion
INFO: [Place 46-31] BUFG insertion identified 0 candidate nets, 0 success, 0 skipped for placement/routing, 0 skipped for timing, 0 skipped for netlist change reason.
Phase 4.1.1.1 BUFG Insertion | Checksum: 1eb1e17bd

Time (s): cpu = 00:00:04 ; elapsed = 00:00:04 . Memory (MB): peak = 1356.598 ; gain = 0.000
INFO: [Place 30-746] Post Placement Timing Summary WNS=4.639. For the most accurate timing information please run report_timing.
Phase 4.1.1 Post Placement Optimization | Checksum: 1411fc409

Time (s): cpu = 00:00:04 ; elapsed = 00:00:04 . Memory (MB): peak = 1356.598 ; gain = 0.000
Phase 4.1 Post Commit Optimization | Checksum: 1411fc409

Time (s): cpu = 00:00:04 ; elapsed = 00:00:04 . Memory (MB): peak = 1356.598 ; gain = 0.000

Phase 4.2 Post Placement Cleanup
Phase 4.2 Post Placement Cleanup | Checksum: 1411fc409

Time (s): cpu = 00:00:05 ; elapsed = 00:00:04 . Memory (MB): peak = 1356.598 ; gain = 0.000

Phase 4.3 Placer Reporting
Phase 4.3 Placer Reporting | Checksum: 1411fc409

Time (s): cpu = 00:00:05 ; elapsed = 00:00:04 . Memory (MB): peak = 1356.598 ; gain = 0.000

Phase 4.4 Final Placement Cleanup
Phase 4.4 Final Placement Cleanup | Checksum: c3209cde

Time (s): cpu = 00:00:05 ; elapsed = 00:00:04 . Memory (MB): peak = 1356.598 ; gain = 0.000
Phase 4 Post Placement Optimization and Clean-Up | Checksum: c3209cde

Time (s): cpu = 00:00:05 ; elapsed = 00:00:04 . Memory (MB): peak = 1356.598 ; gain = 0.000
Ending Placer Task | Checksum: 73c2bcc1

Time (s): cpu = 00:00:05 ; elapsed = 00:00:04 . Memory (MB): peak = 1356.598 ; gain = 0.000
INFO: [Common 17-83] Releasing license: Implementation
55 Infos, 2 Warnings, 10 Critical Warnings and 0 Errors encountered.
place_design completed successfully
INFO: [Timing 38-480] Writing timing data to binary archive.
Writing placer database...
Writing XDEF routing.
Writing XDEF routing logical nets.
Writing XDEF routing special nets.
Write XDEF Complete: Time (s): cpu = 00:00:00 ; elapsed = 00:00:00.077 . Memory (MB): peak = 1356.598 ; gain = 0.000
INFO: [Common 17-1381] The checkpoint 'E:/FPGA_Test/Study/ax7010_pl_hdmi_out_20200308/project_1/project_1.runs/impl_1/top_placed.dcp' has been generated.
INFO: [runtcl-4] Executing : report_io -file top_io_placed.rpt
report_io: Time (s): cpu = 00:00:00 ; elapsed = 00:00:00.114 . Memory (MB): peak = 1356.598 ; gain = 0.000
INFO: [runtcl-4] Executing : report_utilization -file top_utilization_placed.rpt -pb top_utilization_placed.pb
report_utilization: Time (s): cpu = 00:00:00 ; elapsed = 00:00:00.043 . Memory (MB): peak = 1356.598 ; gain = 0.000
INFO: [runtcl-4] Executing : report_control_sets -verbose -file top_control_sets_placed.rpt
report_control_sets: Time (s): cpu = 00:00:00 ; elapsed = 00:00:00.010 . Memory (MB): peak = 1356.598 ; gain = 0.000
Command: route_design
Attempting to get a license for feature 'Implementation' and/or device 'xc7z020'
INFO: [Common 17-349] Got license for feature 'Implementation' and/or device 'xc7z020'
Running DRC as a precondition to command route_design
INFO: [DRC 23-27] Running DRC with 2 threads
WARNING: [DRC PLIO-8] Placement Constraints Check for IO constraints: Terminal hdmi_d[0] has IOB constraint set to TRUE, but it is either not connected to a FLOP element or the connected FLOP element could not be brought into the I/O.
WARNING: [DRC PLIO-8] Placement Constraints Check for IO constraints: Terminal hdmi_d[1] has IOB constraint set to TRUE, but it is either not connected to a FLOP element or the connected FLOP element could not be brought into the I/O.
WARNING: [DRC PLIO-8] Placement Constraints Check for IO constraints: Terminal hdmi_d[2] has IOB constraint set to TRUE, but it is either not connected to a FLOP element or the connected FLOP element could not be brought into the I/O.
WARNING: [DRC PLIO-8] Placement Constraints Check for IO constraints: Terminal hdmi_d[3] has IOB constraint set to TRUE, but it is either not connected to a FLOP element or the connected FLOP element could not be brought into the I/O.
WARNING: [DRC PLIO-8] Placement Constraints Check for IO constraints: Terminal hdmi_d[4] has IOB constraint set to TRUE, but it is either not connected to a FLOP element or the connected FLOP element could not be brought into the I/O.
WARNING: [DRC PLIO-8] Placement Constraints Check for IO constraints: Terminal hdmi_d[5] has IOB constraint set to TRUE, but it is either not connected to a FLOP element or the connected FLOP element could not be brought into the I/O.
WARNING: [DRC PLIO-8] Placement Constraints Check for IO constraints: Terminal hdmi_d[6] has IOB constraint set to TRUE, but it is either not connected to a FLOP element or the connected FLOP element could not be brought into the I/O.
WARNING: [DRC PLIO-8] Placement Constraints Check for IO constraints: Terminal hdmi_d[7] has IOB constraint set to TRUE, but it is either not connected to a FLOP element or the connected FLOP element could not be brought into the I/O.
WARNING: [DRC PLIO-8] Placement Constraints Check for IO constraints: Terminal hdmi_scl has IOB constraint set to TRUE, but it is either not connected to a FLOP element or the connected FLOP element could not be brought into the I/O.
WARNING: [DRC PLIO-8] Placement Constraints Check for IO constraints: Terminal hdmi_sda has IOB constraint set to TRUE, but it is either not connected to a FLOP element or the connected FLOP element could not be brought into the I/O.
INFO: [Vivado_Tcl 4-198] DRC finished with 0 Errors, 10 Warnings
INFO: [Vivado_Tcl 4-199] Please refer to the DRC report (report_drc) for more information.


Starting Routing Task
INFO: [Route 35-254] Multithreading enabled for route_design using a maximum of 2 CPUs
Checksum: PlaceDB: 701e6c0a ConstDB: 0 ShapeSum: 3a450b7 RouteDB: 0

Phase 1 Build RT Design
Phase 1 Build RT Design | Checksum: a77f4479

Time (s): cpu = 00:00:25 ; elapsed = 00:00:23 . Memory (MB): peak = 1393.406 ; gain = 36.809
Post Restoration Checksum: NetGraph: 5e8cd117 NumContArr: 48f27362 Constraints: 0 Timing: 0

Phase 2 Router Initialization

Phase 2.1 Create Timer
Phase 2.1 Create Timer | Checksum: a77f4479

Time (s): cpu = 00:00:25 ; elapsed = 00:00:23 . Memory (MB): peak = 1393.406 ; gain = 36.809

Phase 2.2 Fix Topology Constraints
Phase 2.2 Fix Topology Constraints | Checksum: a77f4479

Time (s): cpu = 00:00:25 ; elapsed = 00:00:23 . Memory (MB): peak = 1399.949 ; gain = 43.352

Phase 2.3 Pre Route Cleanup
Phase 2.3 Pre Route Cleanup | Checksum: a77f4479

Time (s): cpu = 00:00:25 ; elapsed = 00:00:23 . Memory (MB): peak = 1399.949 ; gain = 43.352
 Number of Nodes with overlaps = 0

Phase 2.4 Update Timing
Phase 2.4 Update Timing | Checksum: 10ca0b81d

Time (s): cpu = 00:00:25 ; elapsed = 00:00:23 . Memory (MB): peak = 1413.336 ; gain = 56.738
INFO: [Route 35-416] Intermediate Timing Summary | WNS=4.523  | TNS=0.000  | WHS=-0.146 | THS=-5.259 |

Phase 2 Router Initialization | Checksum: 1ca26e17e

Time (s): cpu = 00:00:25 ; elapsed = 00:00:23 . Memory (MB): peak = 1413.336 ; gain = 56.738

Phase 3 Initial Routing
Phase 3 Initial Routing | Checksum: 683340d0

Time (s): cpu = 00:00:26 ; elapsed = 00:00:23 . Memory (MB): peak = 1413.336 ; gain = 56.738

Phase 4 Rip-up And Reroute

Phase 4.1 Global Iteration 0
 Number of Nodes with overlaps = 10
 Number of Nodes with overlaps = 0
INFO: [Route 35-416] Intermediate Timing Summary | WNS=3.823  | TNS=0.000  | WHS=N/A    | THS=N/A    |

Phase 4.1 Global Iteration 0 | Checksum: 11525e3ba

Time (s): cpu = 00:00:26 ; elapsed = 00:00:23 . Memory (MB): peak = 1413.336 ; gain = 56.738

Phase 4.2 Global Iteration 1
 Number of Nodes with overlaps = 0
INFO: [Route 35-416] Intermediate Timing Summary | WNS=3.823  | TNS=0.000  | WHS=N/A    | THS=N/A    |

Phase 4.2 Global Iteration 1 | Checksum: 1d1ce3996

Time (s): cpu = 00:00:26 ; elapsed = 00:00:23 . Memory (MB): peak = 1413.336 ; gain = 56.738
Phase 4 Rip-up And Reroute | Checksum: 1d1ce3996

Time (s): cpu = 00:00:26 ; elapsed = 00:00:23 . Memory (MB): peak = 1413.336 ; gain = 56.738

Phase 5 Delay and Skew Optimization

Phase 5.1 Delay CleanUp
Phase 5.1 Delay CleanUp | Checksum: 1d1ce3996

Time (s): cpu = 00:00:26 ; elapsed = 00:00:23 . Memory (MB): peak = 1413.336 ; gain = 56.738

Phase 5.2 Clock Skew Optimization
Phase 5.2 Clock Skew Optimization | Checksum: 1d1ce3996

Time (s): cpu = 00:00:26 ; elapsed = 00:00:23 . Memory (MB): peak = 1413.336 ; gain = 56.738
Phase 5 Delay and Skew Optimization | Checksum: 1d1ce3996

Time (s): cpu = 00:00:26 ; elapsed = 00:00:23 . Memory (MB): peak = 1413.336 ; gain = 56.738

Phase 6 Post Hold Fix

Phase 6.1 Hold Fix Iter

Phase 6.1.1 Update Timing
Phase 6.1.1 Update Timing | Checksum: 17fd4a69f

Time (s): cpu = 00:00:26 ; elapsed = 00:00:24 . Memory (MB): peak = 1413.336 ; gain = 56.738
INFO: [Route 35-416] Intermediate Timing Summary | WNS=3.938  | TNS=0.000  | WHS=0.120  | THS=0.000  |

Phase 6.1 Hold Fix Iter | Checksum: 201543dc4

Time (s): cpu = 00:00:26 ; elapsed = 00:00:24 . Memory (MB): peak = 1413.336 ; gain = 56.738
Phase 6 Post Hold Fix | Checksum: 201543dc4

Time (s): cpu = 00:00:26 ; elapsed = 00:00:24 . Memory (MB): peak = 1413.336 ; gain = 56.738

Phase 7 Route finalize

Router Utilization Summary
  Global Vertical Routing Utilization    = 0.0342239 %
  Global Horizontal Routing Utilization  = 0.0376099 %
  Routable Net Status*
  *Does not include unroutable nets such as driverless and loadless.
  Run report_route_status for detailed report.
  Number of Failed Nets               = 0
  Number of Unrouted Nets             = 0
  Number of Partially Routed Nets     = 0
  Number of Node Overlaps             = 0

Phase 7 Route finalize | Checksum: 196c36689

Time (s): cpu = 00:00:26 ; elapsed = 00:00:24 . Memory (MB): peak = 1413.336 ; gain = 56.738

Phase 8 Verifying routed nets

 Verification completed successfully
Phase 8 Verifying routed nets | Checksum: 196c36689

Time (s): cpu = 00:00:26 ; elapsed = 00:00:24 . Memory (MB): peak = 1413.336 ; gain = 56.738

Phase 9 Depositing Routes
Phase 9 Depositing Routes | Checksum: 121008fad

Time (s): cpu = 00:00:26 ; elapsed = 00:00:24 . Memory (MB): peak = 1413.336 ; gain = 56.738

Phase 10 Post Router Timing
INFO: [Route 35-57] Estimated Timing Summary | WNS=3.938  | TNS=0.000  | WHS=0.120  | THS=0.000  |

INFO: [Route 35-327] The final timing numbers are based on the router estimated timing analysis. For a complete and accurate timing signoff, please run report_timing_summary.
Phase 10 Post Router Timing | Checksum: 121008fad

Time (s): cpu = 00:00:26 ; elapsed = 00:00:24 . Memory (MB): peak = 1413.336 ; gain = 56.738
INFO: [Route 35-16] Router Completed Successfully

Time (s): cpu = 00:00:26 ; elapsed = 00:00:24 . Memory (MB): peak = 1413.336 ; gain = 56.738

Routing Is Done.
INFO: [Common 17-83] Releasing license: Implementation
73 Infos, 12 Warnings, 10 Critical Warnings and 0 Errors encountered.
route_design completed successfully
route_design: Time (s): cpu = 00:00:28 ; elapsed = 00:00:25 . Memory (MB): peak = 1413.336 ; gain = 56.738
INFO: [Timing 38-480] Writing timing data to binary archive.
Writing placer database...
Writing XDEF routing.
Writing XDEF routing logical nets.
Writing XDEF routing special nets.
Write XDEF Complete: Time (s): cpu = 00:00:00 ; elapsed = 00:00:00.087 . Memory (MB): peak = 1413.336 ; gain = 0.000
INFO: [Common 17-1381] The checkpoint 'E:/FPGA_Test/Study/ax7010_pl_hdmi_out_20200308/project_1/project_1.runs/impl_1/top_routed.dcp' has been generated.
INFO: [runtcl-4] Executing : report_drc -file top_drc_routed.rpt -pb top_drc_routed.pb -rpx top_drc_routed.rpx
Command: report_drc -file top_drc_routed.rpt -pb top_drc_routed.pb -rpx top_drc_routed.rpx
INFO: [DRC 23-27] Running DRC with 2 threads
INFO: [Coretcl 2-168] The results of DRC are in file E:/FPGA_Test/Study/ax7010_pl_hdmi_out_20200308/project_1/project_1.runs/impl_1/top_drc_routed.rpt.
report_drc completed successfully
INFO: [runtcl-4] Executing : report_methodology -file top_methodology_drc_routed.rpt -pb top_methodology_drc_routed.pb -rpx top_methodology_drc_routed.rpx
Command: report_methodology -file top_methodology_drc_routed.rpt -pb top_methodology_drc_routed.pb -rpx top_methodology_drc_routed.rpx
INFO: [Timing 38-35] Done setting XDC timing constraints.
INFO: [Timing 38-35] Done setting XDC timing constraints.
INFO: [DRC 23-133] Running Methodology with 2 threads
INFO: [Coretcl 2-1520] The results of Report Methodology are in file E:/FPGA_Test/Study/ax7010_pl_hdmi_out_20200308/project_1/project_1.runs/impl_1/top_methodology_drc_routed.rpt.
report_methodology completed successfully
INFO: [runtcl-4] Executing : report_power -file top_power_routed.rpt -pb top_power_summary_routed.pb -rpx top_power_routed.rpx
Command: report_power -file top_power_routed.rpt -pb top_power_summary_routed.pb -rpx top_power_routed.rpx
INFO: [Timing 38-35] Done setting XDC timing constraints.
Running Vector-less Activity Propagation...

Finished Running Vector-less Activity Propagation
85 Infos, 12 Warnings, 10 Critical Warnings and 0 Errors encountered.
report_power completed successfully
INFO: [runtcl-4] Executing : report_route_status -file top_route_status.rpt -pb top_route_status.pb
INFO: [runtcl-4] Executing : report_timing_summary -max_paths 10 -file top_timing_summary_routed.rpt -pb top_timing_summary_routed.pb -rpx top_timing_summary_routed.rpx -warn_on_violation 
INFO: [Timing 38-91] UpdateTimingParams: Speed grade: -1, Delay Type: min_max, Timing Stage: Requireds.
INFO: [Timing 38-191] Multithreading enabled for timing update using a maximum of 2 CPUs
INFO: [runtcl-4] Executing : report_incremental_reuse -file top_incremental_reuse_routed.rpt
INFO: [Vivado_Tcl 4-545] No incremental reuse to report, no incremental placement and routing data was found.
INFO: [runtcl-4] Executing : report_clock_utilization -file top_clock_utilization_routed.rpt
INFO: [runtcl-4] Executing : report_bus_skew -warn_on_violation -file top_bus_skew_routed.rpt -pb top_bus_skew_routed.pb -rpx top_bus_skew_routed.rpx
INFO: [Timing 38-91] UpdateTimingParams: Speed grade: -1, Delay Type: min_max, Timing Stage: Requireds.
INFO: [Timing 38-191] Multithreading enabled for timing update using a maximum of 2 CPUs
Command: write_bitstream -force top.bit
Attempting to get a license for feature 'Implementation' and/or device 'xc7z020'
INFO: [Common 17-349] Got license for feature 'Implementation' and/or device 'xc7z020'
Running DRC as a precondition to command write_bitstream
INFO: [DRC 23-27] Running DRC with 2 threads
WARNING: [DRC DPIP-1] Input pipelining: DSP miz_hdmi_0/inst/my_colour_space_conversion/mult_r1 input miz_hdmi_0/inst/my_colour_space_conversion/mult_r1/A[29:0] is not pipelined. Pipelining DSP48 input will improve performance.
WARNING: [DRC DPIP-1] Input pipelining: DSP miz_hdmi_0/inst/my_colour_space_conversion/mult_r2 input miz_hdmi_0/inst/my_colour_space_conversion/mult_r2/A[29:0] is not pipelined. Pipelining DSP48 input will improve performance.
WARNING: [DRC DPIP-1] Input pipelining: DSP miz_hdmi_0/inst/my_colour_space_conversion/mult_r2 input miz_hdmi_0/inst/my_colour_space_conversion/mult_r2/B[17:0] is not pipelined. Pipelining DSP48 input will improve performance.
WARNING: [DRC ZPS7-1] PS7 block required: The PS7 cell must be used in this Zynq design in order to enable correct default configuration.
INFO: [DRC AVAL-4] enum_USE_DPORT_FALSE_enum_DREG_ADREG_0_connects_CED_CEAD_RSTD_GND: miz_hdmi_0/inst/my_colour_space_conversion/mult_b1: DSP48E1 is not using the D port (USE_DPORT = FALSE). For improved power characteristics, set DREG and ADREG to '1', tie CED, CEAD, and RSTD to logic '0'.
INFO: [DRC AVAL-4] enum_USE_DPORT_FALSE_enum_DREG_ADREG_0_connects_CED_CEAD_RSTD_GND: miz_hdmi_0/inst/my_colour_space_conversion/mult_b2: DSP48E1 is not using the D port (USE_DPORT = FALSE). For improved power characteristics, set DREG and ADREG to '1', tie CED, CEAD, and RSTD to logic '0'.
INFO: [DRC AVAL-4] enum_USE_DPORT_FALSE_enum_DREG_ADREG_0_connects_CED_CEAD_RSTD_GND: miz_hdmi_0/inst/my_colour_space_conversion/mult_g1: DSP48E1 is not using the D port (USE_DPORT = FALSE). For improved power characteristics, set DREG and ADREG to '1', tie CED, CEAD, and RSTD to logic '0'.
INFO: [DRC AVAL-4] enum_USE_DPORT_FALSE_enum_DREG_ADREG_0_connects_CED_CEAD_RSTD_GND: miz_hdmi_0/inst/my_colour_space_conversion/mult_g2: DSP48E1 is not using the D port (USE_DPORT = FALSE). For improved power characteristics, set DREG and ADREG to '1', tie CED, CEAD, and RSTD to logic '0'.
INFO: [DRC AVAL-4] enum_USE_DPORT_FALSE_enum_DREG_ADREG_0_connects_CED_CEAD_RSTD_GND: miz_hdmi_0/inst/my_colour_space_conversion/mult_r1: DSP48E1 is not using the D port (USE_DPORT = FALSE). For improved power characteristics, set DREG and ADREG to '1', tie CED, CEAD, and RSTD to logic '0'.
INFO: [DRC AVAL-4] enum_USE_DPORT_FALSE_enum_DREG_ADREG_0_connects_CED_CEAD_RSTD_GND: miz_hdmi_0/inst/my_colour_space_conversion/mult_r2: DSP48E1 is not using the D port (USE_DPORT = FALSE). For improved power characteristics, set DREG and ADREG to '1', tie CED, CEAD, and RSTD to logic '0'.
INFO: [Vivado 12-3199] DRC finished with 0 Errors, 4 Warnings, 6 Advisories
INFO: [Vivado 12-3200] Please refer to the DRC report (report_drc) for more information.
INFO: [Designutils 20-2272] Running write_bitstream with 2 threads.
Loading data files...
Loading site data...
Loading route data...
Processing options...
Creating bitmap...
Creating bitstream...
Writing bitstream ./top.bit...
INFO: [Vivado 12-1842] Bitgen Completed Successfully.
INFO: [Project 1-120] WebTalk data collection is mandatory when using a WebPACK part without a full Vivado license. To see the specific WebTalk data collected for your design, open the usage_statistics_webtalk.html or usage_statistics_webtalk.xml file in the implementation directory.
INFO: [Common 17-83] Releasing license: Implementation
109 Infos, 16 Warnings, 10 Critical Warnings and 0 Errors encountered.
write_bitstream completed successfully
write_bitstream: Time (s): cpu = 00:00:13 ; elapsed = 00:00:16 . Memory (MB): peak = 1857.910 ; gain = 417.773
INFO: [Common 17-206] Exiting Vivado at Sun Mar  8 18:41:22 2020...
